Arguments: 
  /Users/Alex/.config/yarn/global/node_modules/node/bin/node /usr/local/bin/yarn add node_modules

PATH: 
  /usr/local/bin:/usr/bin:/bin:/usr/sbin:/sbin:/opt/X11/bin

Yarn version: 
  1.5.1

Node version: 
  10.10.0

Platform: 
  darwin x64

npm manifest: 
  {
    "name": "brainjs",
    "version": "1.0.0",
    "description": "brain js demo",
    "main": "index.js",
    "scripts": {
      "test": "echo \"Error: no test specified\" && exit 1"
    },
    "keywords": [
      "brainjs",
      "machine",
      "learning",
      "javascript",
      "neural",
      "networks",
      "demo"
    ],
    "author": "alejandro garcia granado",
    "license": "ISC",
    "dependencies": {
      "brain.js": "^1.4.8"
    }
  }

yarn manifest: 
  No manifest

Lockfile: 
  # THIS IS AN AUTOGENERATED FILE. DO NOT EDIT THIS FILE DIRECTLY.
  # yarn lockfile v1
  
  
  acorn@^5.1.1:
    version "5.7.3"
    resolved "https://registry.yarnpkg.com/acorn/-/acorn-5.7.3.tgz#67aa231bf8812974b85235a96771eb6bd07ea279"
  
  brain.js@^1.4.8:
    version "1.4.8"
    resolved "https://registry.yarnpkg.com/brain.js/-/brain.js-1.4.8.tgz#b1183e67ce0047cdcc1aa478926d3e864fa2ab44"
    dependencies:
      gpu.js "^1.2.0"
      thaw.js "^2.0.0"
  
  gpu.js@^1.2.0:
    version "1.10.2"
    resolved "https://registry.yarnpkg.com/gpu.js/-/gpu.js-1.10.2.tgz#b0cb38d288988382d9be99ec7d2dc34ab33400c7"
    dependencies:
      acorn "^5.1.1"
  
  thaw.js@^2.0.0:
    version "2.0.0"
    resolved "https://registry.yarnpkg.com/thaw.js/-/thaw.js-2.0.0.tgz#452bc5d7ee2ce1b6f92037b05b506cbd656291d0"

Trace: 
  Error: https://registry.yarnpkg.com/node_modules: Not found
      at Request.params.callback [as _callback] (/usr/local/lib/node_modules/yarn/lib/cli.js:65019:18)
      at Request.self.callback (/usr/local/lib/node_modules/yarn/lib/cli.js:132430:22)
      at Request.emit (events.js:182:13)
      at Request.<anonymous> (/usr/local/lib/node_modules/yarn/lib/cli.js:133413:10)
      at Request.emit (events.js:182:13)
      at IncomingMessage.<anonymous> (/usr/local/lib/node_modules/yarn/lib/cli.js:133333:12)
      at Object.onceWrapper (events.js:273:13)
      at IncomingMessage.emit (events.js:187:15)
      at endReadableNT (_stream_readable.js:1092:12)
      at process._tickCallback (internal/process/next_tick.js:63:19)
